Flow report for micro_v2
Thu May 07 21:56:21 2026
Quartus Prime Version 20.1.0 Build 711 06/05/2020 SJ Lite Edition


---------------------
; Table of Contents ;
---------------------
  1. Legal Notice
  2. Flow Summary
  3. Flow Settings
  4. Flow Non-Default Global Settings
  5. Flow Elapsed Time
  6. Flow OS Summary
  7. Flow Log
  8. Flow Messages
  9. Flow Suppressed Messages



----------------
; Legal Notice ;
----------------
Copyright (C) 2020  Intel Corporation. All rights reserved.
Your use of Intel Corporation's design tools, logic functions 
and other software and tools, and any partner logic 
functions, and any output files from any of the foregoing 
(including device programming or simulation files), and any 
associated documentation or information are expressly subject 
to the terms and conditions of the Intel Program License 
Subscription Agreement, the Intel Quartus Prime License Agreement,
the Intel FPGA IP License Agreement, or other applicable license
agreement, including, without limitation, that your use is for
the sole purpose of programming logic devices manufactured by
Intel and sold by Intel or its authorized distributors.  Please
refer to the applicable agreement for further details, at
https://fpgasoftware.intel.com/eula.



+----------------------------------------------------------------------------------+
; Flow Summary                                                                     ;
+------------------------------------+---------------------------------------------+
; Flow Status                        ; Successful - Thu May 07 21:56:18 2026       ;
; Quartus Prime Version              ; 20.1.0 Build 711 06/05/2020 SJ Lite Edition ;
; Revision Name                      ; micro_v2                                    ;
; Top-level Entity Name              ; microprocessor_v1                           ;
; Family                             ; Cyclone 10 LP                               ;
; Device                             ; 10CL025YU256C8G                             ;
; Timing Models                      ; Final                                       ;
; Total logic elements               ; 2,147 / 24,624 ( 9 % )                      ;
;     Total combinational functions  ; 1,915 / 24,624 ( 8 % )                      ;
;     Dedicated logic registers      ; 961 / 24,624 ( 4 % )                        ;
; Total registers                    ; 961                                         ;
; Total pins                         ; 35 / 151 ( 23 % )                           ;
; Total virtual pins                 ; 0                                           ;
; Total memory bits                  ; 67,584 / 608,256 ( 11 % )                   ;
; Embedded Multiplier 9-bit elements ; 0 / 132 ( 0 % )                             ;
; Total PLLs                         ; 1 / 4 ( 25 % )                              ;
+------------------------------------+---------------------------------------------+


+-----------------------------------------+
; Flow Settings                           ;
+-------------------+---------------------+
; Option            ; Setting             ;
+-------------------+---------------------+
; Start date & time ; 05/07/2026 21:55:18 ;
; Main task         ; Compilation         ;
; Revision Name     ; micro_v2            ;
+-------------------+---------------------+


+--------------------------------------------------------------------------------------------------------------------------------+
; Flow Non-Default Global Settings                                                                                               ;
+--------------------------------------+----------------------------------------+---------------+-------------------+------------+
; Assignment Name                      ; Value                                  ; Default Value ; Entity Name       ; Section Id ;
+--------------------------------------+----------------------------------------+---------------+-------------------+------------+
; COMPILER_SIGNATURE_ID                ; 10995770589205.177818371725336         ; --            ; --                ; --         ;
; FITTER_EFFORT                        ; Standard Fit                           ; Auto Fit      ; --                ; --         ;
; MAX_CORE_JUNCTION_TEMP               ; 85                                     ; --            ; --                ; --         ;
; MIN_CORE_JUNCTION_TEMP               ; 0                                      ; --            ; --                ; --         ;
; MISC_FILE                            ; pll_67Mhz.bsf                          ; --            ; --                ; --         ;
; MISC_FILE                            ; pll_67Mhz.cmp                          ; --            ; --                ; --         ;
; MISC_FILE                            ; pll_67Mhz.ppf                          ; --            ; --                ; --         ;
; MISC_FILE                            ; pll_60Mhz.bsf                          ; --            ; --                ; --         ;
; MISC_FILE                            ; pll_60Mhz.cmp                          ; --            ; --                ; --         ;
; MISC_FILE                            ; pll_60Mhz.ppf                          ; --            ; --                ; --         ;
; MUX_RESTRUCTURE                      ; Off                                    ; Auto          ; --                ; --         ;
; NOMINAL_CORE_SUPPLY_VOLTAGE          ; 1.2V                                   ; --            ; --                ; --         ;
; OPTIMIZATION_MODE                    ; Aggressive Performance                 ; Balanced      ; --                ; --         ;
; PARTITION_COLOR                      ; -- (Not supported for targeted family) ; --            ; microprocessor_v1 ; Top        ;
; PARTITION_FITTER_PRESERVATION_LEVEL  ; -- (Not supported for targeted family) ; --            ; microprocessor_v1 ; Top        ;
; PARTITION_NETLIST_TYPE               ; -- (Not supported for targeted family) ; --            ; microprocessor_v1 ; Top        ;
; PHYSICAL_SYNTHESIS_COMBO_LOGIC       ; On                                     ; Off           ; --                ; --         ;
; PHYSICAL_SYNTHESIS_REGISTER_RETIMING ; On                                     ; Off           ; --                ; --         ;
; PLACEMENT_EFFORT_MULTIPLIER          ; 4.0                                    ; 1.0           ; --                ; --         ;
; POWER_BOARD_THERMAL_MODEL            ; None (CONSERVATIVE)                    ; --            ; --                ; --         ;
; POWER_PRESET_COOLING_SOLUTION        ; 23 MM HEAT SINK WITH 200 LFPM AIRFLOW  ; --            ; --                ; --         ;
; PROJECT_OUTPUT_DIRECTORY             ; output_files                           ; --            ; --                ; --         ;
; ROUTER_TIMING_OPTIMIZATION_LEVEL     ; MAXIMUM                                ; Normal        ; --                ; --         ;
; TOP_LEVEL_ENTITY                     ; microprocessor_v1                      ; micro_v2      ; --                ; --         ;
; VHDL_INPUT_VERSION                   ; VHDL_2008                              ; VHDL_1993     ; --                ; --         ;
; VHDL_SHOW_LMF_MAPPING_MESSAGES       ; Off                                    ; --            ; --                ; --         ;
+--------------------------------------+----------------------------------------+---------------+-------------------+------------+


+--------------------------------------------------------------------------------------------------------------------------+
; Flow Elapsed Time                                                                                                        ;
+----------------------+--------------+-------------------------+---------------------+------------------------------------+
; Module Name          ; Elapsed Time ; Average Processors Used ; Peak Virtual Memory ; Total CPU Time (on all processors) ;
+----------------------+--------------+-------------------------+---------------------+------------------------------------+
; Analysis & Synthesis ; 00:00:23     ; 1.0                     ; 4924 MB             ; 00:00:41                           ;
; Fitter               ; 00:00:33     ; 1.3                     ; 6009 MB             ; 00:01:22                           ;
; Assembler            ; 00:00:02     ; 1.0                     ; 4707 MB             ; 00:00:01                           ;
; Timing Analyzer      ; 00:00:02     ; 1.6                     ; 4892 MB             ; 00:00:04                           ;
; Total                ; 00:01:00     ; --                      ; --                  ; 00:02:08                           ;
+----------------------+--------------+-------------------------+---------------------+------------------------------------+


+------------------------------------------------------------------------------------+
; Flow OS Summary                                                                    ;
+----------------------+------------------+------------+------------+----------------+
; Module Name          ; Machine Hostname ; OS Name    ; OS Version ; Processor type ;
+----------------------+------------------+------------+------------+----------------+
; Analysis & Synthesis ; klides           ; Windows 10 ; 10.0       ; x86_64         ;
; Fitter               ; klides           ; Windows 10 ; 10.0       ; x86_64         ;
; Assembler            ; klides           ; Windows 10 ; 10.0       ; x86_64         ;
; Timing Analyzer      ; klides           ; Windows 10 ; 10.0       ; x86_64         ;
+----------------------+------------------+------------+------------+----------------+


------------
; Flow Log ;
------------
quartus_map --read_settings_files=on --write_settings_files=off micro_v2 -c micro_v2
quartus_fit --read_settings_files=off --write_settings_files=off micro_v2 -c micro_v2
quartus_asm --read_settings_files=off --write_settings_files=off micro_v2 -c micro_v2
quartus_sta micro_v2 -c micro_v2



